mode: set
gitlab.gid.team/sso/auth/sorm/internal/sorm/entity/delete_account.go:30.56,32.2 1 1
gitlab.gid.team/sso/auth/sorm/internal/sorm/entity/delete_account.go:34.47,36.2 1 1
gitlab.gid.team/sso/auth/sorm/internal/sorm/entity/delete_account.go:38.57,40.42 1 1
gitlab.gid.team/sso/auth/sorm/internal/sorm/entity/delete_account.go:40.42,42.4 1 1
gitlab.gid.team/sso/auth/sorm/internal/sorm/entity/delete_account.go:43.36,45.4 1 1
gitlab.gid.team/sso/auth/sorm/internal/sorm/entity/delete_account.go:46.37,48.4 1 1
gitlab.gid.team/sso/auth/sorm/internal/sorm/entity/delete_account.go:49.35,51.4 1 1
gitlab.gid.team/sso/auth/sorm/internal/sorm/entity/delete_account.go:52.35,54.4 1 1
gitlab.gid.team/sso/auth/sorm/internal/sorm/entity/delete_account.go:55.34,57.4 1 1
gitlab.gid.team/sso/auth/sorm/internal/sorm/entity/delete_account.go:58.32,60.4 1 1
gitlab.gid.team/sso/auth/sorm/internal/sorm/entity/delete_account.go:61.38,63.4 1 1
gitlab.gid.team/sso/auth/sorm/internal/sorm/entity/delete_account.go:64.32,66.4 1 1
gitlab.gid.team/sso/auth/sorm/internal/sorm/entity/delete_account.go:67.34,69.4 1 1
gitlab.gid.team/sso/auth/sorm/internal/sorm/entity/delete_account.go:70.35,72.4 1 1
gitlab.gid.team/sso/auth/sorm/internal/sorm/entity/delete_account.go:73.35,75.4 1 1
gitlab.gid.team/sso/auth/sorm/internal/sorm/entity/delete_account.go:76.33,78.4 1 1
gitlab.gid.team/sso/auth/sorm/internal/sorm/entity/delete_account.go:79.40,81.4 1 1
gitlab.gid.team/sso/auth/sorm/internal/sorm/entity/delete_account.go:82.44,84.4 1 1
gitlab.gid.team/sso/auth/sorm/internal/sorm/entity/delete_account.go:85.42,87.4 1 1
gitlab.gid.team/sso/auth/sorm/internal/sorm/entity/delete_account.go:88.40,90.4 1 1
gitlab.gid.team/sso/auth/sorm/internal/sorm/entity/delete_account.go:91.38,93.4 1 1
gitlab.gid.team/sso/auth/sorm/internal/sorm/entity/delete_account.go:94.41,96.4 1 1
gitlab.gid.team/sso/auth/sorm/internal/sorm/entity/delete_account.go:98.2,98.24 1 1
gitlab.gid.team/sso/auth/sorm/internal/sorm/entity/delete_user_account.go:21.60,23.2 1 1
gitlab.gid.team/sso/auth/sorm/internal/sorm/entity/delete_user_account.go:25.51,27.2 1 1
gitlab.gid.team/sso/auth/sorm/internal/sorm/entity/delete_user_account.go:29.61,31.42 1 1
gitlab.gid.team/sso/auth/sorm/internal/sorm/entity/delete_user_account.go:31.42,33.4 1 1
gitlab.gid.team/sso/auth/sorm/internal/sorm/entity/delete_user_account.go:34.36,36.4 1 1
gitlab.gid.team/sso/auth/sorm/internal/sorm/entity/delete_user_account.go:37.37,39.4 1 1
gitlab.gid.team/sso/auth/sorm/internal/sorm/entity/delete_user_account.go:40.35,42.4 1 1
gitlab.gid.team/sso/auth/sorm/internal/sorm/entity/delete_user_account.go:43.38,45.4 1 1
gitlab.gid.team/sso/auth/sorm/internal/sorm/entity/delete_user_account.go:46.30,48.4 1 1
gitlab.gid.team/sso/auth/sorm/internal/sorm/entity/delete_user_account.go:49.32,51.4 1 1
gitlab.gid.team/sso/auth/sorm/internal/sorm/entity/delete_user_account.go:52.38,54.4 1 1
gitlab.gid.team/sso/auth/sorm/internal/sorm/entity/delete_user_account.go:55.35,57.4 1 1
gitlab.gid.team/sso/auth/sorm/internal/sorm/entity/delete_user_account.go:58.36,60.4 1 1
gitlab.gid.team/sso/auth/sorm/internal/sorm/entity/delete_user_account.go:62.2,62.24 1 1
gitlab.gid.team/sso/auth/sorm/internal/sorm/entity/delete_user_account_admin.go:37.65,39.2 1 1
gitlab.gid.team/sso/auth/sorm/internal/sorm/entity/delete_user_account_admin.go:41.56,43.2 1 1
gitlab.gid.team/sso/auth/sorm/internal/sorm/entity/delete_user_account_admin.go:45.66,47.42 1 1
gitlab.gid.team/sso/auth/sorm/internal/sorm/entity/delete_user_account_admin.go:47.42,49.4 1 1
gitlab.gid.team/sso/auth/sorm/internal/sorm/entity/delete_user_account_admin.go:50.36,52.4 1 1
gitlab.gid.team/sso/auth/sorm/internal/sorm/entity/delete_user_account_admin.go:53.37,55.4 1 1
gitlab.gid.team/sso/auth/sorm/internal/sorm/entity/delete_user_account_admin.go:56.35,58.4 1 1
gitlab.gid.team/sso/auth/sorm/internal/sorm/entity/delete_user_account_admin.go:59.35,61.4 1 1
gitlab.gid.team/sso/auth/sorm/internal/sorm/entity/delete_user_account_admin.go:62.34,64.4 1 1
gitlab.gid.team/sso/auth/sorm/internal/sorm/entity/delete_user_account_admin.go:65.32,67.4 1 1
gitlab.gid.team/sso/auth/sorm/internal/sorm/entity/delete_user_account_admin.go:68.38,70.4 1 1
gitlab.gid.team/sso/auth/sorm/internal/sorm/entity/delete_user_account_admin.go:71.32,73.4 1 1
gitlab.gid.team/sso/auth/sorm/internal/sorm/entity/delete_user_account_admin.go:74.34,76.4 1 1
gitlab.gid.team/sso/auth/sorm/internal/sorm/entity/delete_user_account_admin.go:77.35,79.4 1 1
gitlab.gid.team/sso/auth/sorm/internal/sorm/entity/delete_user_account_admin.go:80.35,82.4 1 1
gitlab.gid.team/sso/auth/sorm/internal/sorm/entity/delete_user_account_admin.go:83.33,85.4 1 1
gitlab.gid.team/sso/auth/sorm/internal/sorm/entity/delete_user_account_admin.go:86.40,88.4 1 1
gitlab.gid.team/sso/auth/sorm/internal/sorm/entity/delete_user_account_admin.go:89.44,91.4 1 1
gitlab.gid.team/sso/auth/sorm/internal/sorm/entity/delete_user_account_admin.go:92.42,94.4 1 1
gitlab.gid.team/sso/auth/sorm/internal/sorm/entity/delete_user_account_admin.go:95.40,97.4 1 1
gitlab.gid.team/sso/auth/sorm/internal/sorm/entity/delete_user_account_admin.go:98.38,100.4 1 1
gitlab.gid.team/sso/auth/sorm/internal/sorm/entity/delete_user_account_admin.go:101.41,103.4 1 1
gitlab.gid.team/sso/auth/sorm/internal/sorm/entity/delete_user_account_admin.go:104.38,106.4 1 1
gitlab.gid.team/sso/auth/sorm/internal/sorm/entity/delete_user_account_admin.go:107.36,109.4 1 1
gitlab.gid.team/sso/auth/sorm/internal/sorm/entity/delete_user_account_admin.go:111.2,111.24 1 1
gitlab.gid.team/sso/auth/sorm/internal/sorm/entity/directory_data.go:17.56,19.2 1 1
gitlab.gid.team/sso/auth/sorm/internal/sorm/entity/directory_data.go:21.47,23.2 1 1
gitlab.gid.team/sso/auth/sorm/internal/sorm/entity/directory_data.go:25.57,27.42 1 1
gitlab.gid.team/sso/auth/sorm/internal/sorm/entity/directory_data.go:27.42,29.4 1 1
gitlab.gid.team/sso/auth/sorm/internal/sorm/entity/directory_data.go:30.36,32.4 1 1
gitlab.gid.team/sso/auth/sorm/internal/sorm/entity/directory_data.go:33.39,35.4 1 1
gitlab.gid.team/sso/auth/sorm/internal/sorm/entity/directory_data.go:37.2,37.24 1 1
gitlab.gid.team/sso/auth/sorm/internal/sorm/entity/entity.go:13.37,16.2 2 1
gitlab.gid.team/sso/auth/sorm/internal/sorm/entity/login_user.go:23.52,25.2 1 1
gitlab.gid.team/sso/auth/sorm/internal/sorm/entity/login_user.go:27.43,29.2 1 1
gitlab.gid.team/sso/auth/sorm/internal/sorm/entity/login_user.go:31.53,33.42 1 1
gitlab.gid.team/sso/auth/sorm/internal/sorm/entity/login_user.go:33.42,35.4 1 1
gitlab.gid.team/sso/auth/sorm/internal/sorm/entity/login_user.go:36.36,38.4 1 1
gitlab.gid.team/sso/auth/sorm/internal/sorm/entity/login_user.go:39.37,41.4 1 1
gitlab.gid.team/sso/auth/sorm/internal/sorm/entity/login_user.go:42.35,44.4 1 1
gitlab.gid.team/sso/auth/sorm/internal/sorm/entity/login_user.go:45.38,47.4 1 1
gitlab.gid.team/sso/auth/sorm/internal/sorm/entity/login_user.go:48.40,50.4 1 1
gitlab.gid.team/sso/auth/sorm/internal/sorm/entity/login_user.go:51.39,53.4 1 1
gitlab.gid.team/sso/auth/sorm/internal/sorm/entity/login_user.go:54.30,56.4 1 1
gitlab.gid.team/sso/auth/sorm/internal/sorm/entity/login_user.go:57.32,59.4 1 1
gitlab.gid.team/sso/auth/sorm/internal/sorm/entity/login_user.go:60.38,62.4 1 1
gitlab.gid.team/sso/auth/sorm/internal/sorm/entity/login_user.go:63.34,65.4 1 1
gitlab.gid.team/sso/auth/sorm/internal/sorm/entity/login_user.go:66.36,68.4 1 1
gitlab.gid.team/sso/auth/sorm/internal/sorm/entity/login_user.go:70.2,70.24 1 1
gitlab.gid.team/sso/auth/sorm/internal/sorm/entity/logout_user.go:20.53,22.2 1 1
gitlab.gid.team/sso/auth/sorm/internal/sorm/entity/logout_user.go:24.44,26.2 1 1
gitlab.gid.team/sso/auth/sorm/internal/sorm/entity/logout_user.go:28.54,30.42 1 1
gitlab.gid.team/sso/auth/sorm/internal/sorm/entity/logout_user.go:30.42,32.4 1 1
gitlab.gid.team/sso/auth/sorm/internal/sorm/entity/logout_user.go:33.36,35.4 1 1
gitlab.gid.team/sso/auth/sorm/internal/sorm/entity/logout_user.go:36.37,38.4 1 1
gitlab.gid.team/sso/auth/sorm/internal/sorm/entity/logout_user.go:39.35,41.4 1 1
gitlab.gid.team/sso/auth/sorm/internal/sorm/entity/logout_user.go:42.38,44.4 1 1
gitlab.gid.team/sso/auth/sorm/internal/sorm/entity/logout_user.go:45.30,47.4 1 1
gitlab.gid.team/sso/auth/sorm/internal/sorm/entity/logout_user.go:48.32,50.4 1 1
gitlab.gid.team/sso/auth/sorm/internal/sorm/entity/logout_user.go:51.38,53.4 1 1
gitlab.gid.team/sso/auth/sorm/internal/sorm/entity/logout_user.go:54.36,56.4 1 1
gitlab.gid.team/sso/auth/sorm/internal/sorm/entity/logout_user.go:58.2,58.24 1 1
gitlab.gid.team/sso/auth/sorm/internal/sorm/entity/migrate_user.go:29.54,31.2 1 1
gitlab.gid.team/sso/auth/sorm/internal/sorm/entity/migrate_user.go:33.45,35.2 1 1
gitlab.gid.team/sso/auth/sorm/internal/sorm/entity/migrate_user.go:37.55,39.42 1 1
gitlab.gid.team/sso/auth/sorm/internal/sorm/entity/migrate_user.go:39.42,41.4 1 1
gitlab.gid.team/sso/auth/sorm/internal/sorm/entity/migrate_user.go:42.36,44.4 1 1
gitlab.gid.team/sso/auth/sorm/internal/sorm/entity/migrate_user.go:45.37,47.4 1 1
gitlab.gid.team/sso/auth/sorm/internal/sorm/entity/migrate_user.go:48.35,50.4 1 1
gitlab.gid.team/sso/auth/sorm/internal/sorm/entity/migrate_user.go:51.35,53.4 1 1
gitlab.gid.team/sso/auth/sorm/internal/sorm/entity/migrate_user.go:54.34,56.4 1 1
gitlab.gid.team/sso/auth/sorm/internal/sorm/entity/migrate_user.go:57.32,59.4 1 1
gitlab.gid.team/sso/auth/sorm/internal/sorm/entity/migrate_user.go:60.38,62.4 1 1
gitlab.gid.team/sso/auth/sorm/internal/sorm/entity/migrate_user.go:63.32,65.4 1 1
gitlab.gid.team/sso/auth/sorm/internal/sorm/entity/migrate_user.go:66.34,68.4 1 1
gitlab.gid.team/sso/auth/sorm/internal/sorm/entity/migrate_user.go:69.35,71.4 1 1
gitlab.gid.team/sso/auth/sorm/internal/sorm/entity/migrate_user.go:72.35,74.4 1 1
gitlab.gid.team/sso/auth/sorm/internal/sorm/entity/migrate_user.go:75.33,77.4 1 1
gitlab.gid.team/sso/auth/sorm/internal/sorm/entity/migrate_user.go:78.40,80.4 1 1
gitlab.gid.team/sso/auth/sorm/internal/sorm/entity/migrate_user.go:81.44,83.4 1 1
gitlab.gid.team/sso/auth/sorm/internal/sorm/entity/migrate_user.go:84.40,86.4 1 1
gitlab.gid.team/sso/auth/sorm/internal/sorm/entity/migrate_user.go:87.38,89.4 1 1
gitlab.gid.team/sso/auth/sorm/internal/sorm/entity/migrate_user.go:90.41,92.4 1 1
gitlab.gid.team/sso/auth/sorm/internal/sorm/entity/migrate_user.go:94.2,94.24 1 1
gitlab.gid.team/sso/auth/sorm/internal/sorm/entity/register_user.go:34.55,36.2 1 1
gitlab.gid.team/sso/auth/sorm/internal/sorm/entity/register_user.go:38.46,40.2 1 1
gitlab.gid.team/sso/auth/sorm/internal/sorm/entity/register_user.go:42.56,44.42 1 1
gitlab.gid.team/sso/auth/sorm/internal/sorm/entity/register_user.go:44.42,46.4 1 1
gitlab.gid.team/sso/auth/sorm/internal/sorm/entity/register_user.go:47.36,49.4 1 1
gitlab.gid.team/sso/auth/sorm/internal/sorm/entity/register_user.go:50.37,52.4 1 1
gitlab.gid.team/sso/auth/sorm/internal/sorm/entity/register_user.go:53.35,55.4 1 1
gitlab.gid.team/sso/auth/sorm/internal/sorm/entity/register_user.go:56.35,58.4 1 1
gitlab.gid.team/sso/auth/sorm/internal/sorm/entity/register_user.go:59.34,61.4 1 1
gitlab.gid.team/sso/auth/sorm/internal/sorm/entity/register_user.go:62.40,64.4 1 1
gitlab.gid.team/sso/auth/sorm/internal/sorm/entity/register_user.go:65.40,67.4 1 1
gitlab.gid.team/sso/auth/sorm/internal/sorm/entity/register_user.go:68.41,70.4 1 1
gitlab.gid.team/sso/auth/sorm/internal/sorm/entity/register_user.go:71.38,73.4 1 1
gitlab.gid.team/sso/auth/sorm/internal/sorm/entity/register_user.go:74.40,76.4 1 1
gitlab.gid.team/sso/auth/sorm/internal/sorm/entity/register_user.go:77.39,79.4 1 1
gitlab.gid.team/sso/auth/sorm/internal/sorm/entity/register_user.go:80.30,82.4 1 1
gitlab.gid.team/sso/auth/sorm/internal/sorm/entity/register_user.go:83.32,85.4 1 1
gitlab.gid.team/sso/auth/sorm/internal/sorm/entity/register_user.go:86.38,88.4 1 1
gitlab.gid.team/sso/auth/sorm/internal/sorm/entity/register_user.go:89.35,91.4 1 1
gitlab.gid.team/sso/auth/sorm/internal/sorm/entity/register_user.go:92.36,94.4 1 1
gitlab.gid.team/sso/auth/sorm/internal/sorm/entity/register_user.go:96.2,96.24 1 1
gitlab.gid.team/sso/auth/sorm/internal/sorm/entity/update_user_data.go:40.57,42.2 1 1
gitlab.gid.team/sso/auth/sorm/internal/sorm/entity/update_user_data.go:44.48,46.2 1 1
gitlab.gid.team/sso/auth/sorm/internal/sorm/entity/update_user_data.go:48.58,50.42 1 1
gitlab.gid.team/sso/auth/sorm/internal/sorm/entity/update_user_data.go:50.42,52.4 1 1
gitlab.gid.team/sso/auth/sorm/internal/sorm/entity/update_user_data.go:53.36,55.4 1 1
gitlab.gid.team/sso/auth/sorm/internal/sorm/entity/update_user_data.go:56.37,58.4 1 1
gitlab.gid.team/sso/auth/sorm/internal/sorm/entity/update_user_data.go:59.35,61.4 1 1
gitlab.gid.team/sso/auth/sorm/internal/sorm/entity/update_user_data.go:62.35,64.4 1 1
gitlab.gid.team/sso/auth/sorm/internal/sorm/entity/update_user_data.go:65.34,67.4 1 1
gitlab.gid.team/sso/auth/sorm/internal/sorm/entity/update_user_data.go:68.32,70.4 1 1
gitlab.gid.team/sso/auth/sorm/internal/sorm/entity/update_user_data.go:71.38,73.4 1 1
gitlab.gid.team/sso/auth/sorm/internal/sorm/entity/update_user_data.go:74.32,76.4 1 1
gitlab.gid.team/sso/auth/sorm/internal/sorm/entity/update_user_data.go:77.34,79.4 1 1
gitlab.gid.team/sso/auth/sorm/internal/sorm/entity/update_user_data.go:80.35,82.4 1 1
gitlab.gid.team/sso/auth/sorm/internal/sorm/entity/update_user_data.go:83.35,85.4 1 1
gitlab.gid.team/sso/auth/sorm/internal/sorm/entity/update_user_data.go:86.33,88.4 1 1
gitlab.gid.team/sso/auth/sorm/internal/sorm/entity/update_user_data.go:89.40,91.4 1 1
gitlab.gid.team/sso/auth/sorm/internal/sorm/entity/update_user_data.go:92.44,94.4 1 1
gitlab.gid.team/sso/auth/sorm/internal/sorm/entity/update_user_data.go:95.40,97.4 1 1
gitlab.gid.team/sso/auth/sorm/internal/sorm/entity/update_user_data.go:98.38,100.4 1 1
gitlab.gid.team/sso/auth/sorm/internal/sorm/entity/update_user_data.go:101.41,103.4 1 1
gitlab.gid.team/sso/auth/sorm/internal/sorm/entity/update_user_data.go:104.38,106.4 1 1
gitlab.gid.team/sso/auth/sorm/internal/sorm/entity/update_user_data.go:107.30,109.4 1 1
gitlab.gid.team/sso/auth/sorm/internal/sorm/entity/update_user_data.go:110.32,112.4 1 1
gitlab.gid.team/sso/auth/sorm/internal/sorm/entity/update_user_data.go:113.38,115.4 1 1
gitlab.gid.team/sso/auth/sorm/internal/sorm/entity/update_user_data.go:116.35,118.4 1 1
gitlab.gid.team/sso/auth/sorm/internal/sorm/entity/update_user_data.go:119.36,121.4 1 1
gitlab.gid.team/sso/auth/sorm/internal/sorm/entity/update_user_data.go:123.2,123.24 1 1
gitlab.gid.team/sso/auth/sorm/internal/sorm/entity/update_user_data_admin.go:37.62,39.2 1 1
gitlab.gid.team/sso/auth/sorm/internal/sorm/entity/update_user_data_admin.go:41.53,43.2 1 1
gitlab.gid.team/sso/auth/sorm/internal/sorm/entity/update_user_data_admin.go:45.63,47.42 1 1
gitlab.gid.team/sso/auth/sorm/internal/sorm/entity/update_user_data_admin.go:47.42,49.4 1 1
gitlab.gid.team/sso/auth/sorm/internal/sorm/entity/update_user_data_admin.go:50.36,52.4 1 1
gitlab.gid.team/sso/auth/sorm/internal/sorm/entity/update_user_data_admin.go:53.37,55.4 1 1
gitlab.gid.team/sso/auth/sorm/internal/sorm/entity/update_user_data_admin.go:56.35,58.4 1 1
gitlab.gid.team/sso/auth/sorm/internal/sorm/entity/update_user_data_admin.go:59.35,61.4 1 1
gitlab.gid.team/sso/auth/sorm/internal/sorm/entity/update_user_data_admin.go:62.34,64.4 1 1
gitlab.gid.team/sso/auth/sorm/internal/sorm/entity/update_user_data_admin.go:65.32,67.4 1 1
gitlab.gid.team/sso/auth/sorm/internal/sorm/entity/update_user_data_admin.go:68.38,70.4 1 1
gitlab.gid.team/sso/auth/sorm/internal/sorm/entity/update_user_data_admin.go:71.32,73.4 1 1
gitlab.gid.team/sso/auth/sorm/internal/sorm/entity/update_user_data_admin.go:74.34,76.4 1 1
gitlab.gid.team/sso/auth/sorm/internal/sorm/entity/update_user_data_admin.go:77.35,79.4 1 1
gitlab.gid.team/sso/auth/sorm/internal/sorm/entity/update_user_data_admin.go:80.35,82.4 1 1
gitlab.gid.team/sso/auth/sorm/internal/sorm/entity/update_user_data_admin.go:83.33,85.4 1 1
gitlab.gid.team/sso/auth/sorm/internal/sorm/entity/update_user_data_admin.go:86.40,88.4 1 1
gitlab.gid.team/sso/auth/sorm/internal/sorm/entity/update_user_data_admin.go:89.44,91.4 1 1
gitlab.gid.team/sso/auth/sorm/internal/sorm/entity/update_user_data_admin.go:92.40,94.4 1 1
gitlab.gid.team/sso/auth/sorm/internal/sorm/entity/update_user_data_admin.go:95.38,97.4 1 1
gitlab.gid.team/sso/auth/sorm/internal/sorm/entity/update_user_data_admin.go:98.41,100.4 1 1
gitlab.gid.team/sso/auth/sorm/internal/sorm/entity/update_user_data_admin.go:101.38,103.4 1 1
gitlab.gid.team/sso/auth/sorm/internal/sorm/entity/update_user_data_admin.go:104.36,106.4 1 1
gitlab.gid.team/sso/auth/sorm/internal/sorm/entity/update_user_data_admin.go:108.2,108.24 1 1
gitlab.gid.team/sso/auth/sorm/internal/sorm/entity/user_account_recovery.go:22.62,24.2 1 1
gitlab.gid.team/sso/auth/sorm/internal/sorm/entity/user_account_recovery.go:26.53,28.2 1 1
gitlab.gid.team/sso/auth/sorm/internal/sorm/entity/user_account_recovery.go:30.63,32.42 1 1
gitlab.gid.team/sso/auth/sorm/internal/sorm/entity/user_account_recovery.go:32.42,34.4 1 1
gitlab.gid.team/sso/auth/sorm/internal/sorm/entity/user_account_recovery.go:35.36,37.4 1 1
gitlab.gid.team/sso/auth/sorm/internal/sorm/entity/user_account_recovery.go:38.37,40.4 1 1
gitlab.gid.team/sso/auth/sorm/internal/sorm/entity/user_account_recovery.go:41.35,43.4 1 1
gitlab.gid.team/sso/auth/sorm/internal/sorm/entity/user_account_recovery.go:44.38,46.4 1 1
gitlab.gid.team/sso/auth/sorm/internal/sorm/entity/user_account_recovery.go:47.40,49.4 1 1
gitlab.gid.team/sso/auth/sorm/internal/sorm/entity/user_account_recovery.go:50.39,52.4 1 1
gitlab.gid.team/sso/auth/sorm/internal/sorm/entity/user_account_recovery.go:53.30,55.4 1 1
gitlab.gid.team/sso/auth/sorm/internal/sorm/entity/user_account_recovery.go:56.32,58.4 1 1
gitlab.gid.team/sso/auth/sorm/internal/sorm/entity/user_account_recovery.go:59.38,61.4 1 1
gitlab.gid.team/sso/auth/sorm/internal/sorm/entity/user_account_recovery.go:62.36,64.4 1 1
gitlab.gid.team/sso/auth/sorm/internal/sorm/entity/user_account_recovery.go:66.2,66.24 1 1
gitlab.gid.team/sso/auth/sorm/internal/sorm/entity/validation_rules.go:8.79,10.2 1 1
gitlab.gid.team/sso/auth/sorm/internal/sorm/entity/validation_rules.go:12.78,14.2 1 1
gitlab.gid.team/sso/auth/sorm/internal/sorm/entity/validation_rules.go:16.50,18.2 1 1
gitlab.gid.team/sso/auth/sorm/internal/sorm/entity/validation_rules.go:20.42,22.2 1 1
gitlab.gid.team/sso/auth/sorm/internal/sorm/entity/validation_rules.go:24.45,26.2 1 1
gitlab.gid.team/sso/auth/sorm/internal/sorm/entity/validation_rules.go:28.56,30.2 1 1
gitlab.gid.team/sso/auth/sorm/internal/sorm/entity/validation_rules.go:32.52,34.2 1 1
gitlab.gid.team/sso/auth/sorm/internal/sorm/entity/validation_rules.go:36.64,38.2 1 1
gitlab.gid.team/sso/auth/sorm/internal/sorm/entity/validation_rules.go:40.51,42.2 1 1
gitlab.gid.team/sso/auth/sorm/internal/sorm/entity/validation_rules.go:44.53,46.2 1 1
gitlab.gid.team/sso/auth/sorm/internal/sorm/entity/validation_rules.go:48.50,50.2 1 1
gitlab.gid.team/sso/auth/sorm/internal/sorm/entity/validation_rules.go:52.46,54.2 1 1
gitlab.gid.team/sso/auth/sorm/internal/sorm/entity/validation_rules.go:56.56,58.2 1 1
gitlab.gid.team/sso/auth/sorm/internal/sorm/entity/validation_rules.go:60.59,62.2 1 1
gitlab.gid.team/sso/auth/sorm/internal/sorm/entity/validation_rules.go:64.52,66.2 1 1
gitlab.gid.team/sso/auth/sorm/internal/sorm/entity/validation_rules.go:68.62,70.2 1 1
gitlab.gid.team/sso/auth/sorm/internal/sorm/entity/validation_rules.go:72.65,74.2 1 1
gitlab.gid.team/sso/auth/sorm/internal/sorm/entity/validation_rules.go:76.59,78.2 1 1
gitlab.gid.team/sso/auth/sorm/internal/sorm/entity/validation_rules.go:80.55,82.2 1 1
gitlab.gid.team/sso/auth/sorm/internal/sorm/entity/validation_rules.go:84.64,85.23 1 1
gitlab.gid.team/sso/auth/sorm/internal/sorm/entity/validation_rules.go:85.23,87.3 1 1
gitlab.gid.team/sso/auth/sorm/internal/sorm/entity/validation_rules.go:88.2,88.31 1 1
gitlab.gid.team/sso/auth/sorm/internal/sorm/entity/validation_rules.go:88.31,89.114 1 1
gitlab.gid.team/sso/auth/sorm/internal/sorm/entity/validation_rules.go:89.114,91.4 1 0
gitlab.gid.team/sso/auth/sorm/internal/sorm/entity/validation_rules.go:92.3,92.79 1 1
gitlab.gid.team/sso/auth/sorm/internal/sorm/entity/validation_rules.go:92.79,94.4 1 0
gitlab.gid.team/sso/auth/sorm/internal/sorm/entity/validation_rules.go:96.2,96.18 1 1
gitlab.gid.team/sso/auth/sorm/internal/sorm/entity/validation_rules.go:99.70,101.8 2 1
gitlab.gid.team/sso/auth/sorm/internal/sorm/entity/validation_rules.go:101.8,102.28 1 1
gitlab.gid.team/sso/auth/sorm/internal/sorm/entity/validation_rules.go:102.28,103.88 1 1
gitlab.gid.team/sso/auth/sorm/internal/sorm/entity/validation_rules.go:103.88,105.5 1 1
gitlab.gid.team/sso/auth/sorm/internal/sorm/entity/validation_rules.go:108.2,108.16 1 1
gitlab.gid.team/sso/auth/sorm/internal/sorm/entity/validation_rules.go:111.69,113.8 2 1
gitlab.gid.team/sso/auth/sorm/internal/sorm/entity/validation_rules.go:113.8,114.28 1 1
gitlab.gid.team/sso/auth/sorm/internal/sorm/entity/validation_rules.go:114.28,115.118 1 1
gitlab.gid.team/sso/auth/sorm/internal/sorm/entity/validation_rules.go:115.118,117.5 1 0
gitlab.gid.team/sso/auth/sorm/internal/sorm/entity/validation_rules.go:120.2,120.16 1 1
gitlab.gid.team/sso/auth/sorm/internal/sorm/entity/validation_rules.go:123.47,124.18 1 1
gitlab.gid.team/sso/auth/sorm/internal/sorm/entity/validation_rules.go:124.18,125.27 1 1
gitlab.gid.team/sso/auth/sorm/internal/sorm/entity/validation_rules.go:125.27,126.82 1 1
gitlab.gid.team/sso/auth/sorm/internal/sorm/entity/validation_rules.go:126.82,128.5 1 0
gitlab.gid.team/sso/auth/sorm/internal/sorm/entity/validation_rules.go:129.4,129.84 1 1
gitlab.gid.team/sso/auth/sorm/internal/sorm/entity/validation_rules.go:129.84,131.5 1 0
gitlab.gid.team/sso/auth/sorm/internal/sorm/entity/validation_rules.go:134.2,134.18 1 1
gitlab.gid.team/sso/auth/sorm/internal/sorm/entity/validation_rules.go:137.63,138.24 1 1
gitlab.gid.team/sso/auth/sorm/internal/sorm/entity/validation_rules.go:138.24,139.33 1 1
gitlab.gid.team/sso/auth/sorm/internal/sorm/entity/validation_rules.go:139.33,140.97 1 1
gitlab.gid.team/sso/auth/sorm/internal/sorm/entity/validation_rules.go:140.97,142.5 1 0
gitlab.gid.team/sso/auth/sorm/internal/sorm/entity/validation_rules.go:143.4,143.84 1 1
gitlab.gid.team/sso/auth/sorm/internal/sorm/entity/validation_rules.go:143.84,145.5 1 0
gitlab.gid.team/sso/auth/sorm/internal/sorm/entity/validation_rules.go:146.4,146.111 1 1
gitlab.gid.team/sso/auth/sorm/internal/sorm/entity/validation_rules.go:146.111,148.5 1 1
gitlab.gid.team/sso/auth/sorm/internal/sorm/entity/validation_rules.go:149.4,149.98 1 1
gitlab.gid.team/sso/auth/sorm/internal/sorm/entity/validation_rules.go:149.98,151.5 1 0
gitlab.gid.team/sso/auth/sorm/internal/sorm/entity/validation_rules.go:154.2,154.18 1 1
gitlab.gid.team/sso/auth/sorm/internal/sorm/entity/validator.go:20.38,23.2 2 1
gitlab.gid.team/sso/auth/sorm/internal/sorm/entity/validator.go:25.37,27.2 1 1
gitlab.gid.team/sso/auth/sorm/internal/sorm/entity/validator_empty.go:3.37,5.2 1 1
gitlab.gid.team/sso/auth/sorm/internal/sorm/entity/validator_empty.go:10.62,12.2 1 1
gitlab.gid.team/sso/auth/sorm/internal/sorm/entity/validator_impl.go:3.32,5.2 1 1
gitlab.gid.team/sso/auth/sorm/internal/sorm/entity/validator_impl.go:10.64,13.49 2 1
gitlab.gid.team/sso/auth/sorm/internal/sorm/entity/validator_impl.go:13.49,15.10 2 1
gitlab.gid.team/sso/auth/sorm/internal/sorm/entity/validator_impl.go:15.10,17.4 1 1
gitlab.gid.team/sso/auth/sorm/internal/sorm/entity/validator_impl.go:19.2,23.3 1 1
